<?xml version="1.0" encoding="UTF-8"?>
<!-- Generated by org.testng.reporters.JUnitReportReporter -->
<testsuite skipped="0" hostname="VERUSHKA-T" name="web.tests.flight.FlightReservation" tests="1" failures="0" timestamp="05 Sep 2020 14:00:48 GMT" time="0.002" errors="0">
  <testcase name="loadURL" time="0.002" classname="web.tests.flight.FlightReservation"/>
</testsuite> <!-- web.tests.flight.FlightReservation -->
